
*** Running vivado
    with args -log main.vds -m64 -product Vivado -mode batch -messageDb vivado.pb -notrace -source main.tcl


****** Vivado v2021.1 (64-bit)
  **** SW Build 3247384 on Thu Jun 10 19:36:07 MDT 2021
  **** IP Build 3246043 on Fri Jun 11 00:30:35 MDT 2021
    ** Copyright 1986-2021 Xilinx, Inc. All Rights Reserved.

source main.tcl -notrace
Command: synth_design -top main -part xc7a15tcpg236-1
Starting synth_design
Attempting to get a license for feature 'Synthesis' and/or device 'xc7a15t'
INFO: [Common 17-349] Got license for feature 'Synthesis' and/or device 'xc7a15t'
INFO: [Device 21-403] Loading part xc7a15tcpg236-1
INFO: [Synth 8-7079] Multithreading enabled for synth_design using a maximum of 4 processes.
INFO: [Synth 8-7078] Launching helper process for spawning children vivado processes
INFO: [Synth 8-7075] Helper process launched with PID 4900
---------------------------------------------------------------------------------
Starting RTL Elaboration : Time (s): cpu = 00:00:02 ; elapsed = 00:00:03 . Memory (MB): peak = 2467.902 ; gain = 0.000 ; free physical = 7700 ; free virtual = 12532
---------------------------------------------------------------------------------
INFO: [Synth 8-6157] synthesizing module 'main' [/home/aomer/workspace/olin-cafe-f21/01_game_of_life/main.sv:27]
INFO: [Synth 8-6157] synthesizing module 'conway_cell' [/home/aomer/workspace/olin-cafe-f21/01_game_of_life/conway_cell.sv:3]
INFO: [Synth 8-6155] done synthesizing module 'conway_cell' (1#1) [/home/aomer/workspace/olin-cafe-f21/01_game_of_life/conway_cell.sv:3]
INFO: [Synth 8-6157] synthesizing module 'led_array_driver' [/home/aomer/workspace/olin-cafe-f21/01_game_of_life/led_array_driver.sv:3]
	Parameter N bound to: 8 - type: integer 
	Parameter ROWS bound to: 8 - type: integer 
	Parameter COLS bound to: 8 - type: integer 
INFO: [Synth 8-6157] synthesizing module 'decoder_3_to_8' [/home/aomer/workspace/olin-cafe-f21/01_game_of_life/decoder_3_to_8.sv:1]
INFO: [Synth 8-6155] done synthesizing module 'decoder_3_to_8' (2#1) [/home/aomer/workspace/olin-cafe-f21/01_game_of_life/decoder_3_to_8.sv:1]
WARNING: [Synth 8-689] width (4) of port connection 'in' does not match port width (3) of module 'decoder_3_to_8' [/home/aomer/workspace/olin-cafe-f21/01_game_of_life/led_array_driver.sv:30]
INFO: [Synth 8-6155] done synthesizing module 'led_array_driver' (3#1) [/home/aomer/workspace/olin-cafe-f21/01_game_of_life/led_array_driver.sv:3]
INFO: [Synth 8-6155] done synthesizing module 'main' (4#1) [/home/aomer/workspace/olin-cafe-f21/01_game_of_life/main.sv:27]
---------------------------------------------------------------------------------
Finished RTL Elaboration : Time (s): cpu = 00:00:03 ; elapsed = 00:00:04 . Memory (MB): peak = 2467.902 ; gain = 0.000 ; free physical = 6869 ; free virtual = 11711
---------------------------------------------------------------------------------
---------------------------------------------------------------------------------
Start Handling Custom Attributes
---------------------------------------------------------------------------------
---------------------------------------------------------------------------------
Finished Handling Custom Attributes : Time (s): cpu = 00:00:04 ; elapsed = 00:00:04 . Memory (MB): peak = 2467.902 ; gain = 0.000 ; free physical = 6862 ; free virtual = 11705
---------------------------------------------------------------------------------
---------------------------------------------------------------------------------
Finished RTL Optimization Phase 1 : Time (s): cpu = 00:00:04 ; elapsed = 00:00:04 . Memory (MB): peak = 2467.902 ; gain = 0.000 ; free physical = 6862 ; free virtual = 11705
---------------------------------------------------------------------------------
Netlist sorting complete. Time (s): cpu = 00:00:00 ; elapsed = 00:00:00 . Memory (MB): peak = 2467.902 ; gain = 0.000 ; free physical = 6855 ; free virtual = 11698
INFO: [Project 1-570] Preparing netlist for logic optimization

Processing XDC Constraints
Initializing timing engine
Parsing XDC File [/home/aomer/workspace/olin-cafe-f21/01_game_of_life/01_game_of_life.xdc]
Finished Parsing XDC File [/home/aomer/workspace/olin-cafe-f21/01_game_of_life/01_game_of_life.xdc]
INFO: [Project 1-236] Implementation specific constraints were found while reading constraint file [/home/aomer/workspace/olin-cafe-f21/01_game_of_life/01_game_of_life.xdc]. These constraints will be ignored for synthesis but will be used in implementation. Impacted constraints are listed in the file [.Xil/main_propImpl.xdc].
Resolution: To avoid this warning, move constraints listed in [.Xil/main_propImpl.xdc] to another XDC file and exclude this new file from synthesis with the used_in_synthesis property (File Properties dialog in GUI) and re-run elaboration/synthesis.
Completed Processing XDC Constraints

Netlist sorting complete. Time (s): cpu = 00:00:00 ; elapsed = 00:00:00 . Memory (MB): peak = 2531.848 ; gain = 0.000 ; free physical = 7597 ; free virtual = 12451
INFO: [Project 1-111] Unisim Transformation Summary:
No Unisim elements were transformed.

Constraint Validation Runtime : Time (s): cpu = 00:00:00 ; elapsed = 00:00:00 . Memory (MB): peak = 2531.848 ; gain = 0.000 ; free physical = 7596 ; free virtual = 12451
---------------------------------------------------------------------------------
Finished Constraint Validation : Time (s): cpu = 00:00:07 ; elapsed = 00:00:08 . Memory (MB): peak = 2531.848 ; gain = 63.945 ; free physical = 7649 ; free virtual = 12507
---------------------------------------------------------------------------------
---------------------------------------------------------------------------------
Start Loading Part and Timing Information
---------------------------------------------------------------------------------
Loading part: xc7a15tcpg236-1
---------------------------------------------------------------------------------
Finished Loading Part and Timing Information : Time (s): cpu = 00:00:07 ; elapsed = 00:00:08 . Memory (MB): peak = 2531.848 ; gain = 63.945 ; free physical = 7649 ; free virtual = 12507
---------------------------------------------------------------------------------
---------------------------------------------------------------------------------
Start Applying 'set_property' XDC Constraints
---------------------------------------------------------------------------------
---------------------------------------------------------------------------------
Finished applying 'set_property' XDC Constraints : Time (s): cpu = 00:00:07 ; elapsed = 00:00:08 . Memory (MB): peak = 2531.848 ; gain = 63.945 ; free physical = 7649 ; free virtual = 12507
---------------------------------------------------------------------------------
---------------------------------------------------------------------------------
Finished RTL Optimization Phase 2 : Time (s): cpu = 00:00:08 ; elapsed = 00:00:08 . Memory (MB): peak = 2531.848 ; gain = 63.945 ; free physical = 7637 ; free virtual = 12499
---------------------------------------------------------------------------------
---------------------------------------------------------------------------------
Start RTL Component Statistics 
---------------------------------------------------------------------------------
Detailed RTL Component Info : 
+---Adders : 
	   2 Input    4 Bit       Adders := 1     
+---XORs : 
	   2 Input      1 Bit         XORs := 1     
+---Registers : 
	                4 Bit    Registers := 1     
+---Muxes : 
	   2 Input    1 Bit        Muxes := 1     
---------------------------------------------------------------------------------
Finished RTL Component Statistics 
---------------------------------------------------------------------------------
---------------------------------------------------------------------------------
Start Part Resource Summary
---------------------------------------------------------------------------------
Part Resources:
DSPs: 45 (col length:60)
BRAMs: 50 (col length: RAMB18 60 RAMB36 30)
---------------------------------------------------------------------------------
Finished Part Resource Summary
---------------------------------------------------------------------------------
---------------------------------------------------------------------------------
Start Cross Boundary and Area Optimization
---------------------------------------------------------------------------------
---------------------------------------------------------------------------------
Finished Cross Boundary and Area Optimization : Time (s): cpu = 00:00:08 ; elapsed = 00:00:09 . Memory (MB): peak = 2531.848 ; gain = 63.945 ; free physical = 7626 ; free virtual = 12490
---------------------------------------------------------------------------------
---------------------------------------------------------------------------------
Start Applying XDC Timing Constraints
---------------------------------------------------------------------------------
---------------------------------------------------------------------------------
Finished Applying XDC Timing Constraints : Time (s): cpu = 00:00:12 ; elapsed = 00:00:13 . Memory (MB): peak = 2531.848 ; gain = 63.945 ; free physical = 7511 ; free virtual = 12387
---------------------------------------------------------------------------------
---------------------------------------------------------------------------------
Start Timing Optimization
---------------------------------------------------------------------------------
---------------------------------------------------------------------------------
Finished Timing Optimization : Time (s): cpu = 00:00:12 ; elapsed = 00:00:13 . Memory (MB): peak = 2531.848 ; gain = 63.945 ; free physical = 7510 ; free virtual = 12385
---------------------------------------------------------------------------------
---------------------------------------------------------------------------------
Start Technology Mapping
---------------------------------------------------------------------------------
---------------------------------------------------------------------------------
Finished Technology Mapping : Time (s): cpu = 00:00:12 ; elapsed = 00:00:13 . Memory (MB): peak = 2531.848 ; gain = 63.945 ; free physical = 7511 ; free virtual = 12387
---------------------------------------------------------------------------------
---------------------------------------------------------------------------------
Start IO Insertion
---------------------------------------------------------------------------------
---------------------------------------------------------------------------------
Start Flattening Before IO Insertion
---------------------------------------------------------------------------------
---------------------------------------------------------------------------------
Finished Flattening Before IO Insertion
---------------------------------------------------------------------------------
---------------------------------------------------------------------------------
Start Final Netlist Cleanup
---------------------------------------------------------------------------------
INFO: [Synth 8-4649] Removing BlackBox instance \LED_DRIVER/COL_DECODER  of module decoder_3_to_8 having unconnected or no output ports
---------------------------------------------------------------------------------
Finished Final Netlist Cleanup
---------------------------------------------------------------------------------
---------------------------------------------------------------------------------
Finished IO Insertion : Time (s): cpu = 00:00:15 ; elapsed = 00:00:15 . Memory (MB): peak = 2531.848 ; gain = 63.945 ; free physical = 7496 ; free virtual = 12369
---------------------------------------------------------------------------------
---------------------------------------------------------------------------------
Start Renaming Generated Instances
---------------------------------------------------------------------------------
---------------------------------------------------------------------------------
Finished Renaming Generated Instances : Time (s): cpu = 00:00:15 ; elapsed = 00:00:15 . Memory (MB): peak = 2531.848 ; gain = 63.945 ; free physical = 7496 ; free virtual = 12369
---------------------------------------------------------------------------------
---------------------------------------------------------------------------------
Start Rebuilding User Hierarchy
---------------------------------------------------------------------------------
---------------------------------------------------------------------------------
Finished Rebuilding User Hierarchy : Time (s): cpu = 00:00:15 ; elapsed = 00:00:15 . Memory (MB): peak = 2531.848 ; gain = 63.945 ; free physical = 7496 ; free virtual = 12369
---------------------------------------------------------------------------------
---------------------------------------------------------------------------------
Start Renaming Generated Ports
---------------------------------------------------------------------------------
---------------------------------------------------------------------------------
Finished Renaming Generated Ports : Time (s): cpu = 00:00:15 ; elapsed = 00:00:15 . Memory (MB): peak = 2531.848 ; gain = 63.945 ; free physical = 7496 ; free virtual = 12369
---------------------------------------------------------------------------------
---------------------------------------------------------------------------------
Start Handling Custom Attributes
---------------------------------------------------------------------------------
---------------------------------------------------------------------------------
Finished Handling Custom Attributes : Time (s): cpu = 00:00:15 ; elapsed = 00:00:15 . Memory (MB): peak = 2531.848 ; gain = 63.945 ; free physical = 7496 ; free virtual = 12369
---------------------------------------------------------------------------------
---------------------------------------------------------------------------------
Start Renaming Generated Nets
---------------------------------------------------------------------------------
---------------------------------------------------------------------------------
Finished Renaming Generated Nets : Time (s): cpu = 00:00:15 ; elapsed = 00:00:15 . Memory (MB): peak = 2531.848 ; gain = 63.945 ; free physical = 7497 ; free virtual = 12370
---------------------------------------------------------------------------------
---------------------------------------------------------------------------------
Start Writing Synthesis Report
---------------------------------------------------------------------------------

Report BlackBoxes: 
+------+--------------+----------+
|      |BlackBox name |Instances |
+------+--------------+----------+
|1     |conway_cell   |        64|
+------+--------------+----------+

Report Cell Usage: 
+------+------------+------+
|      |Cell        |Count |
+------+------------+------+
|1     |conway_cell |    64|
|65    |BUFG        |     1|
|66    |CARRY4      |    10|
|67    |LUT1        |     1|
|68    |LUT2        |    44|
|69    |LUT3        |     1|
|70    |LUT4        |     1|
|71    |LUT6        |     1|
|72    |FDRE        |    41|
|73    |IBUF        |     3|
|74    |OBUF        |     5|
|75    |OBUFT       |    16|
+------+------------+------+
---------------------------------------------------------------------------------
Finished Writing Synthesis Report : Time (s): cpu = 00:00:15 ; elapsed = 00:00:15 . Memory (MB): peak = 2531.848 ; gain = 63.945 ; free physical = 7496 ; free virtual = 12369
---------------------------------------------------------------------------------
Synthesis finished with 0 errors, 0 critical warnings and 0 warnings.
Synthesis Optimization Runtime : Time (s): cpu = 00:00:13 ; elapsed = 00:00:14 . Memory (MB): peak = 2531.848 ; gain = 0.000 ; free physical = 7549 ; free virtual = 12422
Synthesis Optimization Complete : Time (s): cpu = 00:00:15 ; elapsed = 00:00:15 . Memory (MB): peak = 2531.848 ; gain = 63.945 ; free physical = 7549 ; free virtual = 12422
INFO: [Project 1-571] Translating synthesized netlist
Netlist sorting complete. Time (s): cpu = 00:00:00 ; elapsed = 00:00:00.01 . Memory (MB): peak = 2531.848 ; gain = 0.000 ; free physical = 7540 ; free virtual = 12415
INFO: [Netlist 29-17] Analyzing 10 Unisim elements for replacement
INFO: [Netlist 29-28] Unisim Transformation completed in 0 CPU seconds
INFO: [Project 1-570] Preparing netlist for logic optimization
INFO: [Opt 31-138] Pushed 0 inverter(s) to 0 load pin(s).
Netlist sorting complete. Time (s): cpu = 00:00:00 ; elapsed = 00:00:00 . Memory (MB): peak = 2531.848 ; gain = 0.000 ; free physical = 7592 ; free virtual = 12468
INFO: [Project 1-111] Unisim Transformation Summary:
No Unisim elements were transformed.

Synth Design complete, checksum: b1561b0a
INFO: [Common 17-83] Releasing license: Synthesis
24 Infos, 1 Warnings, 0 Critical Warnings and 0 Errors encountered.
synth_design completed successfully
synth_design: Time (s): cpu = 00:00:22 ; elapsed = 00:00:18 . Memory (MB): peak = 2531.848 ; gain = 64.031 ; free physical = 7742 ; free virtual = 12618
INFO: [Common 17-1381] The checkpoint '/home/aomer/workspace/olin-cafe-f21/01_game_of_life/xilinx/01_game_of_life.runs/synth_1/main.dcp' has been generated.
INFO: [runtcl-4] Executing : report_utilization -file main_utilization_synth.rpt -pb main_utilization_synth.pb
INFO: [Common 17-206] Exiting Vivado at Wed Sep 29 17:21:34 2021...
